#
# There is insufficient memory for the Java Runtime Environment to continue.
# Native memory allocation (malloc) failed to allocate 614736 bytes for Chunk::new
# Possible reasons:
#   The system is out of physical RAM or swap space
#   The process is running with CompressedOops enabled, and the Java Heap may be blocking the growth of the native heap
# Possible solutions:
#   Reduce memory load on the system
#   Increase physical memory or swap space
#   Check if swap backing store is full
#   Decrease Java heap size (-Xmx/-Xms)
#   Decrease number of Java threads
#   Decrease Java thread stack sizes (-Xss)
#   Set larger code cache with -XX:ReservedCodeCacheSize=
#   JVM is running with Unscaled Compressed Oops mode in which the Java heap is
#     placed in the first 4GB address space. The Java Heap base address is the
#     maximum limit for the native heap growth. Please use -XX:HeapBaseMinAddress
#     to set the Java Heap base and to place the Java Heap above 4GB virtual address.
# This output file may be truncated or incomplete.
#
#  Out of Memory Error (arena.cpp:184), pid=16556, tid=7272
#
# JRE version: Java(TM) SE Runtime Environment (19.0.1+10) (build 19.0.1+10-21)
# Java VM: Java HotSpot(TM) 64-Bit Server VM (19.0.1+10-21, mixed mode, sharing, tiered, compressed oops, compressed class ptrs, g1 gc, windows-amd64)
# No core dump will be written. Minidumps are not enabled by default on client versions of Windows
#

---------------  S U M M A R Y ------------

Command Line: -javaagent:C:\Program Files\JetBrains\IntelliJ IDEA 2022.2.3\lib\idea_rt.jar=61535:C:\Program Files\JetBrains\IntelliJ IDEA 2022.2.3\bin -Dfile.encoding=UTF-8 -Dsun.stdout.encoding=UTF-8 -Dsun.stderr.encoding=UTF-8 --module-path=C:\Users\miche\.m2\repository\org\openjfx\javafx-graphics\19-ea+7\javafx-graphics-19-ea+7-win.jar;C:\Users\miche\.m2\repository\org\openjfx\javafx-base\19-ea+7\javafx-base-19-ea+7-win.jar;C:\Users\miche\OneDrive - South East Technological University (Waterford Campus)\Year 2, Semester 2\Data Structures and Algorithms 2\Assignment1PaulF\Assignment1\DataAlg2Assignment1\target\classes;C:\Users\miche\.m2\repository\org\openjfx\javafx-fxml\19-ea+7\javafx-fxml-19-ea+7-win.jar;C:\Users\miche\.m2\repository\org\openjfx\javafx-controls\19-ea+7\javafx-controls-19-ea+7-win.jar -Djdk.module.main=com.example.dataalg2assignment1 com.example.dataalg2assignment1/com.example.dataalg2assignment1.Driver

Host: AMD Ryzen 5 3500U with Radeon Vega Mobile Gfx  , 8 cores, 5G,  Windows 11 , 64 bit Build 22621 (10.0.22621.3958)
Time: Mon Sep 23 02:02:29 2024 GMT Daylight Time elapsed time: 3.617970 seconds (0d 0h 0m 3s)

---------------  T H R E A D  ---------------

Current thread (0x0000024bffbf4200):  JavaThread "C2 CompilerThread0" daemon [_thread_in_native, id=7272, stack(0x000000db5c400000,0x000000db5c500000)]


Current CompileTask:
C2:   3618 1805   !   4       java.util.zip.InflaterInputStream::read (122 bytes)

Stack: [0x000000db5c400000,0x000000db5c500000]
Native frames: (J=compiled Java code, j=interpreted, Vv=VM code, C=native code)
V  [jvm.dll+0x6ee8fa]
V  [jvm.dll+0x857a1e]
V  [jvm.dll+0x85940e]
V  [jvm.dll+0x859ac3]
V  [jvm.dll+0x28291f]
V  [jvm.dll+0xc9b5f]
V  [jvm.dll+0xc9ee5]
V  [jvm.dll+0x3bcb72]
V  [jvm.dll+0x386201]
V  [jvm.dll+0x38567a]
V  [jvm.dll+0x24c2c9]
V  [jvm.dll+0x24b671]
V  [jvm.dll+0x1d6d61]
V  [jvm.dll+0x25b0fa]
V  [jvm.dll+0x259588]
V  [jvm.dll+0x807928]
V  [jvm.dll+0x8015fa]
V  [jvm.dll+0x6ed5eb]
C  [ucrtbase.dll+0x29333]
C  [KERNEL32.DLL+0x1257d]
C  [ntdll.dll+0x5af28]


---------------  P R O C E S S  ---------------

Threads class SMR info:
_java_thread_list=0x0000024b9e625170, length=19, elements={
0x0000024bf6652330, 0x0000024bffbe2440, 0x0000024bffbe3540, 0x0000024bffbec370,
0x0000024bffbf0120, 0x0000024bffbf0a50, 0x0000024bffbf1590, 0x0000024bffbf4200,
0x0000024bffc00490, 0x0000024bffc0b5e0, 0x0000024bffbb7520, 0x0000024b984f8990,
0x0000024b985260d0, 0x0000024b986aa9f0, 0x0000024b98b83160, 0x0000024b98b836a0,
0x0000024b9e1eb770, 0x0000024b9e218710, 0x0000024b9e497b90
}

Java Threads: ( => current thread )
  0x0000024bf6652330 JavaThread "main" [_thread_blocked, id=21480, stack(0x000000db5b700000,0x000000db5b800000)]
  0x0000024bffbe2440 JavaThread "Reference Handler" daemon [_thread_blocked, id=22072, stack(0x000000db5be00000,0x000000db5bf00000)]
  0x0000024bffbe3540 JavaThread "Finalizer" daemon [_thread_blocked, id=16468, stack(0x000000db5bf00000,0x000000db5c000000)]
  0x0000024bffbec370 JavaThread "Signal Dispatcher" daemon [_thread_blocked, id=19156, stack(0x000000db5c000000,0x000000db5c100000)]
  0x0000024bffbf0120 JavaThread "Attach Listener" daemon [_thread_blocked, id=22508, stack(0x000000db5c100000,0x000000db5c200000)]
  0x0000024bffbf0a50 JavaThread "Service Thread" daemon [_thread_blocked, id=3376, stack(0x000000db5c200000,0x000000db5c300000)]
  0x0000024bffbf1590 JavaThread "Monitor Deflation Thread" daemon [_thread_blocked, id=12316, stack(0x000000db5c300000,0x000000db5c400000)]
=>0x0000024bffbf4200 JavaThread "C2 CompilerThread0" daemon [_thread_in_native, id=7272, stack(0x000000db5c400000,0x000000db5c500000)]
  0x0000024bffc00490 JavaThread "C1 CompilerThread0" daemon [_thread_blocked, id=12644, stack(0x000000db5c500000,0x000000db5c600000)]
  0x0000024bffc0b5e0 JavaThread "Sweeper thread" daemon [_thread_blocked, id=15532, stack(0x000000db5c600000,0x000000db5c700000)]
  0x0000024bffbb7520 JavaThread "Common-Cleaner" daemon [_thread_blocked, id=21648, stack(0x000000db5c700000,0x000000db5c800000)]
  0x0000024b984f8990 JavaThread "Monitor Ctrl-Break" daemon [_thread_in_native, id=2024, stack(0x000000db5c900000,0x000000db5ca00000)]
  0x0000024b985260d0 JavaThread "Notification Thread" daemon [_thread_blocked, id=3272, stack(0x000000db5ca00000,0x000000db5cb00000)]
  0x0000024b986aa9f0 JavaThread "QuantumRenderer-0" daemon [_thread_blocked, id=22092, stack(0x000000db5cc00000,0x000000db5cd00000)]
  0x0000024b98b83160 JavaThread "InvokeLaterDispatcher" daemon [_thread_blocked, id=18696, stack(0x000000db5c800000,0x000000db5c900000)]
  0x0000024b98b836a0 JavaThread "JavaFX Application Thread" [_thread_in_vm, id=18524, stack(0x000000db5cf00000,0x000000db5d000000)]
  0x0000024b9e1eb770 JavaThread "Thread-1" daemon [_thread_in_native, id=10432, stack(0x000000db5d600000,0x000000db5d700000)]
  0x0000024b9e218710 JavaThread "JavaFX-Launcher" [_thread_blocked, id=10652, stack(0x000000db5d700000,0x000000db5d800000)]
  0x0000024b9e497b90 JavaThread "Prism Font Disposer" daemon [_thread_blocked, id=16116, stack(0x000000db5e000000,0x000000db5e100000)]

Other Threads:
  0x0000024bffbc9780 VMThread "VM Thread" [stack: 0x000000db5bd00000,0x000000db5be00000] [id=2472]
  0x0000024b98408760 WatcherThread "VM Periodic Task Thread" [stack: 0x000000db5cb00000,0x000000db5cc00000] [id=10860]
  0x0000024bf66a5770 WorkerThread "GC Thread#0" [stack: 0x000000db5b800000,0x000000db5b900000] [id=2552]
  0x0000024b9e2b7ca0 WorkerThread "GC Thread#1" [stack: 0x000000db5d900000,0x000000db5da00000] [id=20264]
  0x0000024b9e250300 WorkerThread "GC Thread#2" [stack: 0x000000db5da00000,0x000000db5db00000] [id=21416]
  0x0000024b9e238b70 WorkerThread "GC Thread#3" [stack: 0x000000db5db00000,0x000000db5dc00000] [id=13648]
  0x0000024b9e238e40 WorkerThread "GC Thread#4" [stack: 0x000000db5dc00000,0x000000db5dd00000] [id=14652]
  0x0000024b9e276720 WorkerThread "GC Thread#5" [stack: 0x000000db5dd00000,0x000000db5de00000] [id=17548]
  0x0000024b9e2769f0 WorkerThread "GC Thread#6" [stack: 0x000000db5de00000,0x000000db5df00000] [id=15000]
  0x0000024b9e276180 WorkerThread "GC Thread#7" [stack: 0x000000db5df00000,0x000000db5e000000] [id=11664]
  0x0000024bf66b24f0 ConcurrentGCThread "G1 Main Marker" [stack: 0x000000db5b900000,0x000000db5ba00000] [id=19596]
  0x0000024bf66b38d0 WorkerThread "G1 Conc#0" [stack: 0x000000db5ba00000,0x000000db5bb00000] [id=4424]
  0x0000024bf670db10 ConcurrentGCThread "G1 Refine#0" [stack: 0x000000db5bb00000,0x000000db5bc00000] [id=14436]
  0x0000024bf670e460 ConcurrentGCThread "G1 Service" [stack: 0x000000db5bc00000,0x000000db5bd00000] [id=19184]

Threads with active compile tasks:
C2 CompilerThread0     3677 1805   !   4       java.util.zip.InflaterInputStream::read (122 bytes)
C1 CompilerThread0     3678 1847       3       javafx.beans.property.ObjectPropertyBase::<init> (25 bytes)

VM state: not at safepoint (normal execution)

VM Mutex/Monitor currently owned by a thread:  ([mutex/lock_event])
[0x0000024bf664e510] MethodCompileQueue_lock - owner thread: 0x0000024bffc00490

Heap address: 0x00000000a1c00000, size: 1508 MB, Compressed Oops mode: 32-bit

CDS archive(s) mapped at: [0x0000000800000000-0x0000000800c40000-0x0000000800c40000), size 12845056, SharedBaseAddress: 0x0000000800000000, ArchiveRelocationMode: 0.
Compressed class space mapped at: 0x0000000801000000-0x0000000841000000, reserved size: 1073741824
Narrow klass base: 0x0000000800000000, Narrow klass shift: 0, Narrow klass range: 0x100000000

GC Precious Log:
 CardTable entry size: 512
 Card Set container configuration: InlinePtr #cards 5 size 8 Array Of Cards #cards 12 size 40 Howl #buckets 4 coarsen threshold 1843 Howl Bitmap #cards 512 size 80 coarsen threshold 460 Card regions per heap region 1 cards per card region 2048
 CPUs: 8 total, 8 available
 Memory: 6030M
 Large Page Support: Disabled
 NUMA Support: Disabled
 Compressed Oops: Enabled (32-bit)
 Heap Region Size: 1M
 Heap Min Capacity: 8M
 Heap Initial Capacity: 96M
 Heap Max Capacity: 1508M
 Pre-touch: Disabled
 Parallel Workers: 8
 Concurrent Workers: 2
 Concurrent Refinement Workers: 8
 Periodic GC: Disabled

Heap:
 garbage-first heap   total 98304K, used 30292K [0x00000000a1c00000, 0x0000000100000000)
  region size 1024K, 30 young (30720K), 3 survivors (3072K)
 Metaspace       used 13332K, committed 13696K, reserved 1114112K
  class space    used 1774K, committed 1920K, reserved 1048576K

Heap Regions: E=young(eden), S=young(survivor), O=old, HS=humongous(starts), HC=humongous(continues), CS=collection set, F=free, OA=open archive, CA=closed archive, TAMS=top-at-mark-start (previous, next)
|   0|0x00000000a1c00000, 0x00000000a1c95000, 0x00000000a1d00000| 58%| O|  |TAMS 0x00000000a1c00000, 0x00000000a1c00000| Untracked 
|   1|0x00000000a1d00000, 0x00000000a1d00000, 0x00000000a1e00000|  0%| F|  |TAMS 0x00000000a1d00000, 0x00000000a1d00000| Untracked 
|   2|0x00000000a1e00000, 0x00000000a1e00000, 0x00000000a1f00000|  0%| F|  |TAMS 0x00000000a1e00000, 0x00000000a1e00000| Untracked 
|   3|0x00000000a1f00000, 0x00000000a1f00000, 0x00000000a2000000|  0%| F|  |TAMS 0x00000000a1f00000, 0x00000000a1f00000| Untracked 
|   4|0x00000000a2000000, 0x00000000a2000000, 0x00000000a2100000|  0%| F|  |TAMS 0x00000000a2000000, 0x00000000a2000000| Untracked 
|   5|0x00000000a2100000, 0x00000000a2100000, 0x00000000a2200000|  0%| F|  |TAMS 0x00000000a2100000, 0x00000000a2100000| Untracked 
|   6|0x00000000a2200000, 0x00000000a2200000, 0x00000000a2300000|  0%| F|  |TAMS 0x00000000a2200000, 0x00000000a2200000| Untracked 
|   7|0x00000000a2300000, 0x00000000a2300000, 0x00000000a2400000|  0%| F|  |TAMS 0x00000000a2300000, 0x00000000a2300000| Untracked 
|   8|0x00000000a2400000, 0x00000000a2400000, 0x00000000a2500000|  0%| F|  |TAMS 0x00000000a2400000, 0x00000000a2400000| Untracked 
|   9|0x00000000a2500000, 0x00000000a2500000, 0x00000000a2600000|  0%| F|  |TAMS 0x00000000a2500000, 0x00000000a2500000| Untracked 
|  10|0x00000000a2600000, 0x00000000a2600000, 0x00000000a2700000|  0%| F|  |TAMS 0x00000000a2600000, 0x00000000a2600000| Untracked 
|  11|0x00000000a2700000, 0x00000000a2700000, 0x00000000a2800000|  0%| F|  |TAMS 0x00000000a2700000, 0x00000000a2700000| Untracked 
|  12|0x00000000a2800000, 0x00000000a2800000, 0x00000000a2900000|  0%| F|  |TAMS 0x00000000a2800000, 0x00000000a2800000| Untracked 
|  13|0x00000000a2900000, 0x00000000a2900000, 0x00000000a2a00000|  0%| F|  |TAMS 0x00000000a2900000, 0x00000000a2900000| Untracked 
|  14|0x00000000a2a00000, 0x00000000a2a00000, 0x00000000a2b00000|  0%| F|  |TAMS 0x00000000a2a00000, 0x00000000a2a00000| Untracked 
|  15|0x00000000a2b00000, 0x00000000a2b00000, 0x00000000a2c00000|  0%| F|  |TAMS 0x00000000a2b00000, 0x00000000a2b00000| Untracked 
|  16|0x00000000a2c00000, 0x00000000a2c00000, 0x00000000a2d00000|  0%| F|  |TAMS 0x00000000a2c00000, 0x00000000a2c00000| Untracked 
|  17|0x00000000a2d00000, 0x00000000a2d00000, 0x00000000a2e00000|  0%| F|  |TAMS 0x00000000a2d00000, 0x00000000a2d00000| Untracked 
|  18|0x00000000a2e00000, 0x00000000a2e00000, 0x00000000a2f00000|  0%| F|  |TAMS 0x00000000a2e00000, 0x00000000a2e00000| Untracked 
|  19|0x00000000a2f00000, 0x00000000a2f00000, 0x00000000a3000000|  0%| F|  |TAMS 0x00000000a2f00000, 0x00000000a2f00000| Untracked 
|  20|0x00000000a3000000, 0x00000000a3000000, 0x00000000a3100000|  0%| F|  |TAMS 0x00000000a3000000, 0x00000000a3000000| Untracked 
|  21|0x00000000a3100000, 0x00000000a3100000, 0x00000000a3200000|  0%| F|  |TAMS 0x00000000a3100000, 0x00000000a3100000| Untracked 
|  22|0x00000000a3200000, 0x00000000a3200000, 0x00000000a3300000|  0%| F|  |TAMS 0x00000000a3200000, 0x00000000a3200000| Untracked 
|  23|0x00000000a3300000, 0x00000000a3300000, 0x00000000a3400000|  0%| F|  |TAMS 0x00000000a3300000, 0x00000000a3300000| Untracked 
|  24|0x00000000a3400000, 0x00000000a3400000, 0x00000000a3500000|  0%| F|  |TAMS 0x00000000a3400000, 0x00000000a3400000| Untracked 
|  25|0x00000000a3500000, 0x00000000a3500000, 0x00000000a3600000|  0%| F|  |TAMS 0x00000000a3500000, 0x00000000a3500000| Untracked 
|  26|0x00000000a3600000, 0x00000000a3600000, 0x00000000a3700000|  0%| F|  |TAMS 0x00000000a3600000, 0x00000000a3600000| Untracked 
|  27|0x00000000a3700000, 0x00000000a3700000, 0x00000000a3800000|  0%| F|  |TAMS 0x00000000a3700000, 0x00000000a3700000| Untracked 
|  28|0x00000000a3800000, 0x00000000a3800000, 0x00000000a3900000|  0%| F|  |TAMS 0x00000000a3800000, 0x00000000a3800000| Untracked 
|  29|0x00000000a3900000, 0x00000000a3900000, 0x00000000a3a00000|  0%| F|  |TAMS 0x00000000a3900000, 0x00000000a3900000| Untracked 
|  30|0x00000000a3a00000, 0x00000000a3a00000, 0x00000000a3b00000|  0%| F|  |TAMS 0x00000000a3a00000, 0x00000000a3a00000| Untracked 
|  31|0x00000000a3b00000, 0x00000000a3b00000, 0x00000000a3c00000|  0%| F|  |TAMS 0x00000000a3b00000, 0x00000000a3b00000| Untracked 
|  32|0x00000000a3c00000, 0x00000000a3c00000, 0x00000000a3d00000|  0%| F|  |TAMS 0x00000000a3c00000, 0x00000000a3c00000| Untracked 
|  33|0x00000000a3d00000, 0x00000000a3d00000, 0x00000000a3e00000|  0%| F|  |TAMS 0x00000000a3d00000, 0x00000000a3d00000| Untracked 
|  34|0x00000000a3e00000, 0x00000000a3e00000, 0x00000000a3f00000|  0%| F|  |TAMS 0x00000000a3e00000, 0x00000000a3e00000| Untracked 
|  35|0x00000000a3f00000, 0x00000000a3f00000, 0x00000000a4000000|  0%| F|  |TAMS 0x00000000a3f00000, 0x00000000a3f00000| Untracked 
|  36|0x00000000a4000000, 0x00000000a4000000, 0x00000000a4100000|  0%| F|  |TAMS 0x00000000a4000000, 0x00000000a4000000| Untracked 
|  37|0x00000000a4100000, 0x00000000a4100000, 0x00000000a4200000|  0%| F|  |TAMS 0x00000000a4100000, 0x00000000a4100000| Untracked 
|  38|0x00000000a4200000, 0x00000000a4200000, 0x00000000a4300000|  0%| F|  |TAMS 0x00000000a4200000, 0x00000000a4200000| Untracked 
|  39|0x00000000a4300000, 0x00000000a4300000, 0x00000000a4400000|  0%| F|  |TAMS 0x00000000a4300000, 0x00000000a4300000| Untracked 
|  40|0x00000000a4400000, 0x00000000a4400000, 0x00000000a4500000|  0%| F|  |TAMS 0x00000000a4400000, 0x00000000a4400000| Untracked 
|  41|0x00000000a4500000, 0x00000000a4500000, 0x00000000a4600000|  0%| F|  |TAMS 0x00000000a4500000, 0x00000000a4500000| Untracked 
|  42|0x00000000a4600000, 0x00000000a4600000, 0x00000000a4700000|  0%| F|  |TAMS 0x00000000a4600000, 0x00000000a4600000| Untracked 
|  43|0x00000000a4700000, 0x00000000a4700000, 0x00000000a4800000|  0%| F|  |TAMS 0x00000000a4700000, 0x00000000a4700000| Untracked 
|  44|0x00000000a4800000, 0x00000000a4800000, 0x00000000a4900000|  0%| F|  |TAMS 0x00000000a4800000, 0x00000000a4800000| Untracked 
|  45|0x00000000a4900000, 0x00000000a4900000, 0x00000000a4a00000|  0%| F|  |TAMS 0x00000000a4900000, 0x00000000a4900000| Untracked 
|  46|0x00000000a4a00000, 0x00000000a4a00000, 0x00000000a4b00000|  0%| F|  |TAMS 0x00000000a4a00000, 0x00000000a4a00000| Untracked 
|  47|0x00000000a4b00000, 0x00000000a4b00000, 0x00000000a4c00000|  0%| F|  |TAMS 0x00000000a4b00000, 0x00000000a4b00000| Untracked 
|  48|0x00000000a4c00000, 0x00000000a4c00000, 0x00000000a4d00000|  0%| F|  |TAMS 0x00000000a4c00000, 0x00000000a4c00000| Untracked 
|  49|0x00000000a4d00000, 0x00000000a4d00000, 0x00000000a4e00000|  0%| F|  |TAMS 0x00000000a4d00000, 0x00000000a4d00000| Untracked 
|  50|0x00000000a4e00000, 0x00000000a4e00000, 0x00000000a4f00000|  0%| F|  |TAMS 0x00000000a4e00000, 0x00000000a4e00000| Untracked 
|  51|0x00000000a4f00000, 0x00000000a4f00000, 0x00000000a5000000|  0%| F|  |TAMS 0x00000000a4f00000, 0x00000000a4f00000| Untracked 
|  52|0x00000000a5000000, 0x00000000a5000000, 0x00000000a5100000|  0%| F|  |TAMS 0x00000000a5000000, 0x00000000a5000000| Untracked 
|  53|0x00000000a5100000, 0x00000000a5100000, 0x00000000a5200000|  0%| F|  |TAMS 0x00000000a5100000, 0x00000000a5100000| Untracked 
|  54|0x00000000a5200000, 0x00000000a5200000, 0x00000000a5300000|  0%| F|  |TAMS 0x00000000a5200000, 0x00000000a5200000| Untracked 
|  55|0x00000000a5300000, 0x00000000a5300000, 0x00000000a5400000|  0%| F|  |TAMS 0x00000000a5300000, 0x00000000a5300000| Untracked 
|  56|0x00000000a5400000, 0x00000000a5400000, 0x00000000a5500000|  0%| F|  |TAMS 0x00000000a5400000, 0x00000000a5400000| Untracked 
|  57|0x00000000a5500000, 0x00000000a5500000, 0x00000000a5600000|  0%| F|  |TAMS 0x00000000a5500000, 0x00000000a5500000| Untracked 
|  58|0x00000000a5600000, 0x00000000a5600000, 0x00000000a5700000|  0%| F|  |TAMS 0x00000000a5600000, 0x00000000a5600000| Untracked 
|  59|0x00000000a5700000, 0x00000000a5700000, 0x00000000a5800000|  0%| F|  |TAMS 0x00000000a5700000, 0x00000000a5700000| Untracked 
|  60|0x00000000a5800000, 0x00000000a5800000, 0x00000000a5900000|  0%| F|  |TAMS 0x00000000a5800000, 0x00000000a5800000| Untracked 
|  61|0x00000000a5900000, 0x00000000a5900000, 0x00000000a5a00000|  0%| F|  |TAMS 0x00000000a5900000, 0x00000000a5900000| Untracked 
|  62|0x00000000a5a00000, 0x00000000a5a00000, 0x00000000a5b00000|  0%| F|  |TAMS 0x00000000a5a00000, 0x00000000a5a00000| Untracked 
|  63|0x00000000a5b00000, 0x00000000a5b00000, 0x00000000a5c00000|  0%| F|  |TAMS 0x00000000a5b00000, 0x00000000a5b00000| Untracked 
|  64|0x00000000a5c00000, 0x00000000a5c00000, 0x00000000a5d00000|  0%| F|  |TAMS 0x00000000a5c00000, 0x00000000a5c00000| Untracked 
|  65|0x00000000a5d00000, 0x00000000a5d00000, 0x00000000a5e00000|  0%| F|  |TAMS 0x00000000a5d00000, 0x00000000a5d00000| Untracked 
|  66|0x00000000a5e00000, 0x00000000a5ef3a20, 0x00000000a5f00000| 95%| E|  |TAMS 0x00000000a5e00000, 0x00000000a5e00000| Complete 
|  67|0x00000000a5f00000, 0x00000000a6000000, 0x00000000a6000000|100%| E|CS|TAMS 0x00000000a5f00000, 0x00000000a5f00000| Complete 
|  68|0x00000000a6000000, 0x00000000a6100000, 0x00000000a6100000|100%| E|CS|TAMS 0x00000000a6000000, 0x00000000a6000000| Complete 
|  69|0x00000000a6100000, 0x00000000a6200000, 0x00000000a6200000|100%| E|CS|TAMS 0x00000000a6100000, 0x00000000a6100000| Complete 
|  70|0x00000000a6200000, 0x00000000a6300000, 0x00000000a6300000|100%| S|CS|TAMS 0x00000000a6200000, 0x00000000a6200000| Complete 
|  71|0x00000000a6300000, 0x00000000a6400000, 0x00000000a6400000|100%| S|CS|TAMS 0x00000000a6300000, 0x00000000a6300000| Complete 
|  72|0x00000000a6400000, 0x00000000a6500000, 0x00000000a6500000|100%| S|CS|TAMS 0x00000000a6400000, 0x00000000a6400000| Complete 
|  73|0x00000000a6500000, 0x00000000a6600000, 0x00000000a6600000|100%| E|CS|TAMS 0x00000000a6500000, 0x00000000a6500000| Complete 
|  74|0x00000000a6600000, 0x00000000a6700000, 0x00000000a6700000|100%| E|CS|TAMS 0x00000000a6600000, 0x00000000a6600000| Complete 
|  75|0x00000000a6700000, 0x00000000a6800000, 0x00000000a6800000|100%| E|CS|TAMS 0x00000000a6700000, 0x00000000a6700000| Complete 
|  76|0x00000000a6800000, 0x00000000a6900000, 0x00000000a6900000|100%| E|CS|TAMS 0x00000000a6800000, 0x00000000a6800000| Complete 
|  77|0x00000000a6900000, 0x00000000a6a00000, 0x00000000a6a00000|100%| E|CS|TAMS 0x00000000a6900000, 0x00000000a6900000| Complete 
|  78|0x00000000a6a00000, 0x00000000a6b00000, 0x00000000a6b00000|100%| E|CS|TAMS 0x00000000a6a00000, 0x00000000a6a00000| Complete 
|  79|0x00000000a6b00000, 0x00000000a6c00000, 0x00000000a6c00000|100%| E|CS|TAMS 0x00000000a6b00000, 0x00000000a6b00000| Complete 
|  80|0x00000000a6c00000, 0x00000000a6d00000, 0x00000000a6d00000|100%| E|CS|TAMS 0x00000000a6c00000, 0x00000000a6c00000| Complete 
|  81|0x00000000a6d00000, 0x00000000a6e00000, 0x00000000a6e00000|100%| E|CS|TAMS 0x00000000a6d00000, 0x00000000a6d00000| Complete 
|  82|0x00000000a6e00000, 0x00000000a6f00000, 0x00000000a6f00000|100%| E|CS|TAMS 0x00000000a6e00000, 0x00000000a6e00000| Complete 
|  83|0x00000000a6f00000, 0x00000000a7000000, 0x00000000a7000000|100%| E|CS|TAMS 0x00000000a6f00000, 0x00000000a6f00000| Complete 
|  84|0x00000000a7000000, 0x00000000a7100000, 0x00000000a7100000|100%| E|CS|TAMS 0x00000000a7000000, 0x00000000a7000000| Complete 
|  85|0x00000000a7100000, 0x00000000a7200000, 0x00000000a7200000|100%| E|CS|TAMS 0x00000000a7100000, 0x00000000a7100000| Complete 
|  86|0x00000000a7200000, 0x00000000a7300000, 0x00000000a7300000|100%| E|CS|TAMS 0x00000000a7200000, 0x00000000a7200000| Complete 
|  87|0x00000000a7300000, 0x00000000a7400000, 0x00000000a7400000|100%| E|CS|TAMS 0x00000000a7300000, 0x00000000a7300000| Complete 
|  88|0x00000000a7400000, 0x00000000a7500000, 0x00000000a7500000|100%| E|CS|TAMS 0x00000000a7400000, 0x00000000a7400000| Complete 
|  89|0x00000000a7500000, 0x00000000a7600000, 0x00000000a7600000|100%| E|CS|TAMS 0x00000000a7500000, 0x00000000a7500000| Complete 
|  90|0x00000000a7600000, 0x00000000a7700000, 0x00000000a7700000|100%| E|CS|TAMS 0x00000000a7600000, 0x00000000a7600000| Complete 
|  91|0x00000000a7700000, 0x00000000a7800000, 0x00000000a7800000|100%| E|CS|TAMS 0x00000000a7700000, 0x00000000a7700000| Complete 
|  92|0x00000000a7800000, 0x00000000a7900000, 0x00000000a7900000|100%| E|CS|TAMS 0x00000000a7800000, 0x00000000a7800000| Complete 
|  93|0x00000000a7900000, 0x00000000a7a00000, 0x00000000a7a00000|100%| E|CS|TAMS 0x00000000a7900000, 0x00000000a7900000| Complete 
|  94|0x00000000a7a00000, 0x00000000a7b00000, 0x00000000a7b00000|100%| E|CS|TAMS 0x00000000a7a00000, 0x00000000a7a00000| Complete 
|  95|0x00000000a7b00000, 0x00000000a7c00000, 0x00000000a7c00000|100%| E|CS|TAMS 0x00000000a7b00000, 0x00000000a7b00000| Complete 

Card table byte_map: [0x0000024bfebe0000,0x0000024bfeee0000] _byte_map_base: 0x0000024bfe6d2000

Marking Bits (Prev, Next): (CMBitMap*) 0x0000024bf66a5da0, (CMBitMap*) 0x0000024bf66a5de0
 Prev Bits: [0x0000024b8f000000, 0x0000024b90790000)
 Next Bits: [0x0000024b90790000, 0x0000024b91f20000)

Polling page: 0x0000024bf45a0000

Metaspace:

Usage:
  Non-class:     11.31 MB used.
      Class:      1.75 MB used.
       Both:     13.06 MB used.

Virtual space:
  Non-class space:       64.00 MB reserved,      11.50 MB ( 18%) committed,  1 nodes.
      Class space:        1.00 GB reserved,       1.88 MB ( <1%) committed,  1 nodes.
             Both:        1.06 GB reserved,      13.38 MB (  1%) committed. 

Chunk freelists:
   Non-Class:  3.89 MB
       Class:  2.06 MB
        Both:  5.95 MB

MaxMetaspaceSize: unlimited
CompressedClassSpaceSize: 1.00 GB
Initial GC threshold: 21.00 MB
Current GC threshold: 21.00 MB
CDS: on
MetaspaceReclaimPolicy: balanced
 - commit_granule_bytes: 65536.
 - commit_granule_words: 8192.
 - virtual_space_node_default_size: 8388608.
 - enlarge_chunks_in_place: 1.
 - new_chunks_are_fully_committed: 0.
 - uncommit_free_chunks: 1.
 - use_allocation_guard: 0.


Internal statistics:

num_allocs_failed_limit: 0.
num_arena_births: 338.
num_arena_deaths: 0.
num_vsnodes_births: 2.
num_vsnodes_deaths: 0.
num_space_committed: 214.
num_space_uncommitted: 0.
num_chunks_returned_to_freelist: 0.
num_chunks_taken_from_freelist: 721.
num_chunk_merges: 0.
num_chunk_splits: 501.
num_chunks_enlarged: 372.
num_inconsistent_stats: 0.

CodeHeap 'non-profiled nmethods': size=120000Kb used=651Kb max_used=651Kb free=119348Kb
 bounds [0x0000024b87ad0000, 0x0000024b87d40000, 0x0000024b8f000000]
CodeHeap 'profiled nmethods': size=120000Kb used=3427Kb max_used=3427Kb free=116572Kb
 bounds [0x0000024b80000000, 0x0000024b80360000, 0x0000024b87530000]
CodeHeap 'non-nmethods': size=5760Kb used=1440Kb max_used=1451Kb free=4319Kb
 bounds [0x0000024b87530000, 0x0000024b877a0000, 0x0000024b87ad0000]
 total_blobs=2546 nmethods=1843 adapters=613
 compilation: enabled
              stopped_count=0, restarted_count=0
 full_count=0

Compilation events (20 events):
Event: 3.565 Thread 0x0000024bffc00490 1816       3       java.lang.invoke.MethodHandles$Lookup$ClassOption::optionsToFlag (40 bytes)
Event: 3.566 Thread 0x0000024bffc00490 nmethod 1816 0x0000024b8033ca10 code [0x0000024b8033cc00, 0x0000024b8033d108]
Event: 3.566 Thread 0x0000024bffc00490 1815       3       java.lang.invoke.MethodHandles$Lookup::makeHiddenClassDefiner (42 bytes)
Event: 3.567 Thread 0x0000024bffc00490 nmethod 1815 0x0000024b8033d290 code [0x0000024b8033d4a0, 0x0000024b8033db78]
Event: 3.567 Thread 0x0000024bffc00490 1817       3       java.lang.invoke.MethodHandles$Lookup$ClassDefiner::<init> (58 bytes)
Event: 3.568 Thread 0x0000024bffc00490 nmethod 1817 0x0000024b8033de10 code [0x0000024b8033dfc0, 0x0000024b8033e258]
Event: 3.568 Thread 0x0000024bffc00490 1813       3       jdk.internal.org.objectweb.asm.SymbolTable::addConstant (330 bytes)
Event: 3.571 Thread 0x0000024bffc00490 nmethod 1813 0x0000024b8033e390 code [0x0000024b8033e900, 0x0000024b80341aa8]
Event: 3.577 Thread 0x0000024bffc00490 1820       3       java.nio.HeapByteBuffer::get (14 bytes)
Event: 3.578 Thread 0x0000024bffc00490 nmethod 1820 0x0000024b80342410 code [0x0000024b803425e0, 0x0000024b803428c8]
Event: 3.578 Thread 0x0000024bffc00490 1821       3       java.nio.Buffer::nextGetIndex (30 bytes)
Event: 3.578 Thread 0x0000024bffc00490 nmethod 1821 0x0000024b80342a90 code [0x0000024b80342c40, 0x0000024b80342e08]
Event: 3.584 Thread 0x0000024bffc00490 1822       3       java.lang.invoke.BoundMethodHandle$SpeciesData::extendWith (62 bytes)
Event: 3.585 Thread 0x0000024bffc00490 nmethod 1822 0x0000024b80342f10 code [0x0000024b80343160, 0x0000024b80343b48]
Event: 3.598 Thread 0x0000024bffc00490 1823       3       java.util.ImmutableCollections$Set12::<init> (53 bytes)
Event: 3.600 Thread 0x0000024bffc00490 nmethod 1823 0x0000024b80343f10 code [0x0000024b803441c0, 0x0000024b80344e18]
Event: 3.601 Thread 0x0000024bffc00490 1824       3       java.lang.System$2::findBootstrapClassOrNull (5 bytes)
Event: 3.601 Thread 0x0000024bffc00490 nmethod 1824 0x0000024b80345290 code [0x0000024b80345460, 0x0000024b80345678]
Event: 3.601 Thread 0x0000024bffc00490 1825       3       java.lang.ClassLoader::findBootstrapClassOrNull (14 bytes)
Event: 3.601 Thread 0x0000024bffc00490 nmethod 1825 0x0000024b80345790 code [0x0000024b80345940, 0x0000024b80345af8]

GC Heap History (2 events):
Event: 2.119 GC heap before
{Heap before GC invocations=0 (full 0):
 garbage-first heap   total 98304K, used 22528K [0x00000000a1c00000, 0x0000000100000000)
  region size 1024K, 23 young (23552K), 0 survivors (0K)
 Metaspace       used 5618K, committed 5760K, reserved 1114112K
  class space    used 625K, committed 704K, reserved 1048576K
}
Event: 2.126 GC heap after
{Heap after GC invocations=1 (full 0):
 garbage-first heap   total 98304K, used 3668K [0x00000000a1c00000, 0x0000000100000000)
  region size 1024K, 3 young (3072K), 3 survivors (3072K)
 Metaspace       used 5618K, committed 5760K, reserved 1114112K
  class space    used 625K, committed 704K, reserved 1048576K
}

Dll operation events (20 events):
Event: 1.316 Loaded shared library C:\Users\miche\.openjfx\cache\19-ea+7\amd64\api-ms-win-crt-filesystem-l1-1-0.dll
Event: 1.324 Loaded shared library C:\Users\miche\.openjfx\cache\19-ea+7\amd64\api-ms-win-crt-heap-l1-1-0.dll
Event: 1.332 Loaded shared library C:\Users\miche\.openjfx\cache\19-ea+7\amd64\api-ms-win-crt-locale-l1-1-0.dll
Event: 1.341 Loaded shared library C:\Users\miche\.openjfx\cache\19-ea+7\amd64\api-ms-win-crt-math-l1-1-0.dll
Event: 1.350 Loaded shared library C:\Users\miche\.openjfx\cache\19-ea+7\amd64\api-ms-win-crt-multibyte-l1-1-0.dll
Event: 1.359 Loaded shared library C:\Users\miche\.openjfx\cache\19-ea+7\amd64\api-ms-win-crt-private-l1-1-0.dll
Event: 1.368 Loaded shared library C:\Users\miche\.openjfx\cache\19-ea+7\amd64\api-ms-win-crt-process-l1-1-0.dll
Event: 1.376 Loaded shared library C:\Users\miche\.openjfx\cache\19-ea+7\amd64\api-ms-win-crt-runtime-l1-1-0.dll
Event: 1.384 Loaded shared library C:\Users\miche\.openjfx\cache\19-ea+7\amd64\api-ms-win-crt-stdio-l1-1-0.dll
Event: 1.393 Loaded shared library C:\Users\miche\.openjfx\cache\19-ea+7\amd64\api-ms-win-crt-string-l1-1-0.dll
Event: 1.400 Loaded shared library C:\Program Files\Java\jdk-19\bin\jimage.dll
Event: 1.403 Loaded shared library C:\Users\miche\.openjfx\cache\19-ea+7\amd64\api-ms-win-crt-time-l1-1-0.dll
Event: 1.411 Loaded shared library C:\Users\miche\.openjfx\cache\19-ea+7\amd64\api-ms-win-crt-utility-l1-1-0.dll
Event: 1.451 Loaded shared library C:\Users\miche\.openjfx\cache\19-ea+7\amd64\ucrtbase.dll
Event: 1.463 Loaded shared library C:\Users\miche\.openjfx\cache\19-ea+7\amd64\vcruntime140.dll
Event: 1.473 Loaded shared library C:\Users\miche\.openjfx\cache\19-ea+7\amd64\vcruntime140_1.dll
Event: 1.495 Loaded shared library C:\Users\miche\.openjfx\cache\19-ea+7\amd64\msvcp140.dll
Event: 1.615 Loaded shared library C:\Users\miche\.openjfx\cache\19-ea+7\amd64\prism_d3d.dll
Event: 1.768 Loaded shared library C:\Users\miche\.openjfx\cache\19-ea+7\amd64\glass.dll
Event: 2.515 Loaded shared library C:\Users\miche\.openjfx\cache\19-ea+7\amd64\javafx_font.dll

Deoptimization events (20 events):
Event: 3.520 Thread 0x0000024b98b836a0 Uncommon trap: trap_request=0xffffffde fr.pc=0x0000024b87ade83c relative=0x000000000000019c
Event: 3.520 Thread 0x0000024b98b836a0 Uncommon trap: reason=class_check action=maybe_recompile pc=0x0000024b87ade83c method=java.lang.String.equals(Ljava/lang/Object;)Z @ 8 c2
Event: 3.520 Thread 0x0000024b98b836a0 DEOPT PACKING pc=0x0000024b87ade83c sp=0x000000db5cffd7d0
Event: 3.520 Thread 0x0000024b98b836a0 DEOPT UNPACKING pc=0x0000024b87596da3 sp=0x000000db5cffd778 mode 2
Event: 3.520 Thread 0x0000024b98b836a0 Uncommon trap: trap_request=0xffffffde fr.pc=0x0000024b87ade83c relative=0x000000000000019c
Event: 3.520 Thread 0x0000024b98b836a0 Uncommon trap: reason=class_check action=maybe_recompile pc=0x0000024b87ade83c method=java.lang.String.equals(Ljava/lang/Object;)Z @ 8 c2
Event: 3.520 Thread 0x0000024b98b836a0 DEOPT PACKING pc=0x0000024b87ade83c sp=0x000000db5cffd7d0
Event: 3.520 Thread 0x0000024b98b836a0 DEOPT UNPACKING pc=0x0000024b87596da3 sp=0x000000db5cffd778 mode 2
Event: 3.521 Thread 0x0000024b98b836a0 Uncommon trap: trap_request=0xffffff66 fr.pc=0x0000024b87b6b3ac relative=0x000000000000018c
Event: 3.521 Thread 0x0000024b98b836a0 Uncommon trap: reason=speculate_class_check action=maybe_recompile pc=0x0000024b87b6b3ac method=com.sun.javafx.css.BitSet.containsAll(Ljava/util/Collection;)Z @ 20 c2
Event: 3.521 Thread 0x0000024b98b836a0 DEOPT PACKING pc=0x0000024b87b6b3ac sp=0x000000db5cffd410
Event: 3.521 Thread 0x0000024b98b836a0 DEOPT UNPACKING pc=0x0000024b87596da3 sp=0x000000db5cffd3a8 mode 2
Event: 3.521 Thread 0x0000024b98b836a0 Uncommon trap: trap_request=0xffffff66 fr.pc=0x0000024b87b6b3ac relative=0x000000000000018c
Event: 3.521 Thread 0x0000024b98b836a0 Uncommon trap: reason=speculate_class_check action=maybe_recompile pc=0x0000024b87b6b3ac method=com.sun.javafx.css.BitSet.containsAll(Ljava/util/Collection;)Z @ 20 c2
Event: 3.521 Thread 0x0000024b98b836a0 DEOPT PACKING pc=0x0000024b87b6b3ac sp=0x000000db5cffd280
Event: 3.521 Thread 0x0000024b98b836a0 DEOPT UNPACKING pc=0x0000024b87596da3 sp=0x000000db5cffd218 mode 2
Event: 3.523 Thread 0x0000024b98b836a0 Uncommon trap: trap_request=0xffffffde fr.pc=0x0000024b87ade83c relative=0x000000000000019c
Event: 3.524 Thread 0x0000024b98b836a0 Uncommon trap: reason=class_check action=maybe_recompile pc=0x0000024b87ade83c method=java.lang.String.equals(Ljava/lang/Object;)Z @ 8 c2
Event: 3.524 Thread 0x0000024b98b836a0 DEOPT PACKING pc=0x0000024b87ade83c sp=0x000000db5cffd560
Event: 3.524 Thread 0x0000024b98b836a0 DEOPT UNPACKING pc=0x0000024b87596da3 sp=0x000000db5cffd508 mode 2

Classes loaded (20 events):
Event: 3.046 Loading class java/util/stream/IntPipeline$1
Event: 3.047 Loading class java/util/stream/IntPipeline$1 done
Event: 3.049 Loading class java/util/stream/IntPipeline$1$1
Event: 3.049 Loading class java/util/stream/IntPipeline$1$1 done
Event: 3.094 Loading class com/sun/org/apache/xerces/internal/impl/io/MalformedByteSequenceException
Event: 3.095 Loading class java/io/CharConversionException
Event: 3.095 Loading class java/io/CharConversionException done
Event: 3.095 Loading class com/sun/org/apache/xerces/internal/impl/io/MalformedByteSequenceException done
Event: 3.245 Loading class java/util/WeakHashMap$EntrySet
Event: 3.246 Loading class java/util/WeakHashMap$EntrySet done
Event: 3.246 Loading class java/util/WeakHashMap$EntryIterator
Event: 3.246 Loading class java/util/WeakHashMap$EntryIterator done
Event: 3.394 Loading class jdk/jfr/FlightRecorder
Event: 3.394 Loading class jdk/jfr/FlightRecorder done
Event: 3.434 Loading class java/io/CharArrayReader
Event: 3.434 Loading class java/io/CharArrayReader done
Event: 3.576 Loading class sun/nio/cs/UTF_16BE$Decoder
Event: 3.577 Loading class sun/nio/cs/UnicodeDecoder
Event: 3.577 Loading class sun/nio/cs/UnicodeDecoder done
Event: 3.577 Loading class sun/nio/cs/UTF_16BE$Decoder done

Classes unloaded (0 events):
No events

Classes redefined (0 events):
No events

Internal exceptions (20 events):
Event: 2.702 Thread 0x0000024b98b836a0 Exception <a 'java/lang/NoSuchMethodError'{0x00000000a6ffc490}: 'java.lang.Object java.lang.invoke.DirectMethodHandle$Holder.invokeStatic(java.lang.Object, java.lang.Object, java.lang.Object, java.lang.Object, int)'> (0x00000000a6ffc490) 
thrown [s\open\src\hotspot\share\interpreter\linkResolver.cpp, line 774]
Event: 2.706 Thread 0x0000024b98b836a0 Exception <a 'java/lang/NoSuchMethodError'{0x00000000a6e0b4b0}: 'void java.lang.invoke.DelegatingMethodHandle$Holder.reinvoke_L(java.lang.Object, java.lang.Object, double)'> (0x00000000a6e0b4b0) 
thrown [s\open\src\hotspot\share\interpreter\linkResolver.cpp, line 774]
Event: 2.749 Thread 0x0000024b98b836a0 Exception <a 'java/lang/NoSuchMethodError'{0x00000000a6e87888}: 'void java.lang.invoke.Invokers$Holder.invokeExact_MT(java.lang.Object, java.lang.Object, java.lang.Object, java.lang.Object)'> (0x00000000a6e87888) 
thrown [s\open\src\hotspot\share\interpreter\linkResolver.cpp, line 774]
Event: 2.778 Thread 0x0000024b98b836a0 Exception <a 'java/lang/NoSuchMethodError'{0x00000000a6ee81c8}: 'java.lang.Object java.lang.invoke.DelegatingMethodHandle$Holder.reinvoke_L(java.lang.Object, double, double, double, double)'> (0x00000000a6ee81c8) 
thrown [s\open\src\hotspot\share\interpreter\linkResolver.cpp, line 774]
Event: 2.781 Thread 0x0000024b98b836a0 Exception <a 'java/lang/NoSuchMethodError'{0x00000000a6ef3888}: 'java.lang.Object java.lang.invoke.DirectMethodHandle$Holder.invokeStatic(java.lang.Object, java.lang.Object, int)'> (0x00000000a6ef3888) 
thrown [s\open\src\hotspot\share\interpreter\linkResolver.cpp, line 774]
Event: 2.783 Thread 0x0000024b98b836a0 Exception <a 'java/lang/NoSuchMethodError'{0x00000000a6ef8018}: 'void java.lang.invoke.DirectMethodHandle$Holder.invokeStatic(java.lang.Object, java.lang.Object, int, java.lang.Object)'> (0x00000000a6ef8018) 
thrown [s\open\src\hotspot\share\interpreter\linkResolver.cpp, line 774]
Event: 2.785 Thread 0x0000024b98b836a0 Exception <a 'java/lang/NoSuchMethodError'{0x00000000a6eff030}: 'void java.lang.invoke.DelegatingMethodHandle$Holder.delegate(java.lang.Object, java.lang.Object, int, java.lang.Object)'> (0x00000000a6eff030) 
thrown [s\open\src\hotspot\share\interpreter\linkResolver.cpp, line 774]
Event: 2.786 Thread 0x0000024b98b836a0 Exception <a 'java/lang/NoSuchMethodError'{0x00000000a6d035b0}: 'int java.lang.invoke.DirectMethodHandle$Holder.invokeSpecial(java.lang.Object, java.lang.Object, java.lang.Object)'> (0x00000000a6d035b0) 
thrown [s\open\src\hotspot\share\interpreter\linkResolver.cpp, line 774]
Event: 2.890 Thread 0x0000024b98b836a0 Exception <a 'java/lang/NoSuchMethodError'{0x00000000a6c39418}: 'java.lang.Object java.lang.invoke.DirectMethodHandle$Holder.newInvokeSpecial(java.lang.Object, double)'> (0x00000000a6c39418) 
thrown [s\open\src\hotspot\share\interpreter\linkResolver.cpp, line 774]
Event: 2.925 Thread 0x0000024b98b836a0 Exception <a 'java/lang/NoSuchMethodError'{0x00000000a6c83858}: 'void java.lang.invoke.DirectMethodHandle$Holder.invokeSpecial(java.lang.Object, java.lang.Object, int)'> (0x00000000a6c83858) 
thrown [s\open\src\hotspot\share\interpreter\linkResolver.cpp, line 774]
Event: 2.926 Thread 0x0000024b98b836a0 Exception <a 'java/lang/NoSuchMethodError'{0x00000000a6c87d68}: 'int java.lang.invoke.DirectMethodHandle$Holder.invokeSpecial(java.lang.Object, java.lang.Object, java.lang.Object, int)'> (0x00000000a6c87d68) 
thrown [s\open\src\hotspot\share\interpreter\linkResolver.cpp, line 774]
Event: 2.929 Thread 0x0000024b98b836a0 Exception <a 'java/lang/NoSuchMethodError'{0x00000000a6c92438}: 'void java.lang.invoke.DelegatingMethodHandle$Holder.reinvoke_L(java.lang.Object, java.lang.Object, int)'> (0x00000000a6c92438) 
thrown [s\open\src\hotspot\share\interpreter\linkResolver.cpp, line 774]
Event: 3.153 Thread 0x0000024b98b836a0 Implicit null exception at 0x0000024b87af0ed8 to 0x0000024b87af0f6e
Event: 3.186 Thread 0x0000024b98b836a0 Implicit null exception at 0x0000024b87b48a11 to 0x0000024b87b48be8
Event: 3.189 Thread 0x0000024b98b836a0 Implicit null exception at 0x0000024b87b3d72c to 0x0000024b87b3d9a4
Event: 3.190 Thread 0x0000024b98b836a0 Implicit null exception at 0x0000024b87af082f to 0x0000024b87af08a9
Event: 3.373 Thread 0x0000024b98b836a0 Implicit null exception at 0x0000024b87b369f3 to 0x0000024b87b36ffc
Event: 3.429 Thread 0x0000024b98b836a0 Exception <a 'java/io/FileNotFoundException'{0x00000000a65b0578}> (0x00000000a65b0578) 
thrown [s\open\src\hotspot\share\prims\jni.cpp, line 517]
Event: 3.602 Thread 0x0000024b98b836a0 Exception <a 'java/lang/NoSuchMethodError'{0x00000000a5f5e458}: 'java.lang.Object java.lang.invoke.DirectMethodHandle$Holder.invokeInterface(java.lang.Object, java.lang.Object, java.lang.Object)'> (0x00000000a5f5e458) 
thrown [s\open\src\hotspot\share\interpreter\linkResolver.cpp, line 774]
Event: 3.603 Thread 0x0000024b98b836a0 Exception <a 'java/lang/IncompatibleClassChangeError'{0x00000000a5f61de8}: Found class java.lang.Object, but interface was expected> (0x00000000a5f61de8) 
thrown [s\open\src\hotspot\share\interpreter\linkResolver.cpp, line 841]

VM Operations (20 events):
Event: 1.582 Executing VM operation: HandshakeAllThreads
Event: 1.582 Executing VM operation: HandshakeAllThreads done
Event: 1.582 Executing VM operation: Cleanup
Event: 1.582 Executing VM operation: Cleanup done
Event: 1.753 Executing VM operation: HandshakeAllThreads
Event: 1.753 Executing VM operation: HandshakeAllThreads done
Event: 2.118 Executing VM operation: G1CollectForAllocation
Event: 2.126 Executing VM operation: G1CollectForAllocation done
Event: 2.379 Executing VM operation: HandshakeAllThreads
Event: 2.379 Executing VM operation: HandshakeAllThreads done
Event: 2.524 Executing VM operation: HandshakeAllThreads
Event: 2.524 Executing VM operation: HandshakeAllThreads done
Event: 2.774 Executing VM operation: HandshakeAllThreads
Event: 2.774 Executing VM operation: HandshakeAllThreads done
Event: 2.780 Executing VM operation: HandshakeAllThreads
Event: 2.781 Executing VM operation: HandshakeAllThreads done
Event: 3.046 Executing VM operation: HandshakeAllThreads
Event: 3.046 Executing VM operation: HandshakeAllThreads done
Event: 3.321 Executing VM operation: ICBufferFull
Event: 3.321 Executing VM operation: ICBufferFull done

Events (20 events):
Event: 0.076 Thread 0x0000024bffbf0a50 Thread added: 0x0000024bffbf0a50
Event: 0.076 Thread 0x0000024bffbf1590 Thread added: 0x0000024bffbf1590
Event: 0.076 Thread 0x0000024bffbf4200 Thread added: 0x0000024bffbf4200
Event: 0.077 Thread 0x0000024bffc00490 Thread added: 0x0000024bffc00490
Event: 0.077 Thread 0x0000024bffc0b5e0 Thread added: 0x0000024bffc0b5e0
Event: 0.154 Thread 0x0000024bffbb7520 Thread added: 0x0000024bffbb7520
Event: 0.350 Thread 0x0000024b981ff880 Thread added: 0x0000024b981ff880
Event: 0.653 Thread 0x0000024b984f8990 Thread added: 0x0000024b984f8990
Event: 0.653 Thread 0x0000024b985260d0 Thread added: 0x0000024b985260d0
Event: 1.029 Thread 0x0000024b981ff880 Thread exited: 0x0000024b981ff880
Event: 1.433 Thread 0x0000024b98a34f30 Thread added: 0x0000024b98a34f30
Event: 1.581 Thread 0x0000024b986aa9f0 Thread added: 0x0000024b986aa9f0
Event: 1.713 Thread 0x0000024b98a34f30 Thread exited: 0x0000024b98a34f30
Event: 1.772 Thread 0x0000024b98b83160 Thread added: 0x0000024b98b83160
Event: 1.781 Thread 0x0000024b98b836a0 Thread added: 0x0000024b98b836a0
Event: 1.990 Thread 0x0000024b9e1eb770 Thread added: 0x0000024b9e1eb770
Event: 2.024 Thread 0x0000024b9e218710 Thread added: 0x0000024b9e218710
Event: 2.033 Thread 0x0000024b9e225cd0 Thread added: 0x0000024b9e225cd0
Event: 3.186 Thread 0x0000024b9e225cd0 Thread exited: 0x0000024b9e225cd0
Event: 3.591 Thread 0x0000024b9e497b90 Thread added: 0x0000024b9e497b90


Dynamic libraries:
0x00007ff6ca750000 - 0x00007ff6ca760000 	C:\Program Files\Java\jdk-19\bin\java.exe
0x00007ffe1d210000 - 0x00007ffe1d427000 	C:\WINDOWS\SYSTEM32\ntdll.dll
0x00007ffe1c540000 - 0x00007ffe1c604000 	C:\WINDOWS\System32\KERNEL32.DLL
0x00007ffe1a9d0000 - 0x00007ffe1ad7d000 	C:\WINDOWS\System32\KERNELBASE.dll
0x00007ffe1adb0000 - 0x00007ffe1aec1000 	C:\WINDOWS\System32\ucrtbase.dll
0x00007ffde6680000 - 0x00007ffde6698000 	C:\Program Files\Java\jdk-19\bin\jli.dll
0x00007ffe1c400000 - 0x00007ffe1c4b2000 	C:\WINDOWS\System32\ADVAPI32.dll
0x00007ffe1bb40000 - 0x00007ffe1bbe7000 	C:\WINDOWS\System32\msvcrt.dll
0x00007ffe1c610000 - 0x00007ffe1c6b9000 	C:\WINDOWS\System32\sechost.dll
0x00007ffe1a800000 - 0x00007ffe1a828000 	C:\WINDOWS\System32\bcrypt.dll
0x00007ffe1c800000 - 0x00007ffe1c914000 	C:\WINDOWS\System32\RPCRT4.dll
0x00007ffde5110000 - 0x00007ffde512b000 	C:\Program Files\Java\jdk-19\bin\VCRUNTIME140.dll
0x00007ffe1d020000 - 0x00007ffe1d1ce000 	C:\WINDOWS\System32\USER32.dll
0x00007ffe1ad80000 - 0x00007ffe1ada6000 	C:\WINDOWS\System32\win32u.dll
0x00007ffe1be10000 - 0x00007ffe1be39000 	C:\WINDOWS\System32\GDI32.dll
0x00007ffe1a8b0000 - 0x00007ffe1a9c9000 	C:\WINDOWS\System32\gdi32full.dll
0x00007ffe1a760000 - 0x00007ffe1a7fa000 	C:\WINDOWS\System32\msvcp_win.dll
0x00007ffe07900000 - 0x00007ffe07b93000 	C:\WINDOWS\WinSxS\amd64_microsoft.windows.common-controls_6595b64144ccf1df_6.0.22621.3672_none_2713b9d173822955\COMCTL32.dll
0x00007ffe10fc0000 - 0x00007ffe10fca000 	C:\WINDOWS\SYSTEM32\VERSION.dll
0x00007ffe1cfe0000 - 0x00007ffe1d011000 	C:\WINDOWS\System32\IMM32.DLL
0x00007ffe0e480000 - 0x00007ffe0e48c000 	C:\Program Files\Java\jdk-19\bin\vcruntime140_1.dll
0x00007ffdd4dc0000 - 0x00007ffdd4e4e000 	C:\Program Files\Java\jdk-19\bin\msvcp140.dll
0x00007ffd79150000 - 0x00007ffd79e10000 	C:\Program Files\Java\jdk-19\bin\server\jvm.dll
0x00007ffe12350000 - 0x00007ffe12384000 	C:\WINDOWS\SYSTEM32\WINMM.dll
0x00007ffe0e8a0000 - 0x00007ffe0e8a9000 	C:\WINDOWS\SYSTEM32\WSOCK32.dll
0x00007ffe1bf00000 - 0x00007ffe1bf71000 	C:\WINDOWS\System32\WS2_32.dll
0x00007ffe19580000 - 0x00007ffe19598000 	C:\WINDOWS\SYSTEM32\kernel.appcore.dll
0x00007ffe0da50000 - 0x00007ffe0da5a000 	C:\Program Files\Java\jdk-19\bin\jimage.dll
0x00007ffe112e0000 - 0x00007ffe11512000 	C:\WINDOWS\SYSTEM32\DBGHELP.DLL
0x00007ffe1c930000 - 0x00007ffe1ccbe000 	C:\WINDOWS\System32\combase.dll
0x00007ffe1ccc0000 - 0x00007ffe1cd97000 	C:\WINDOWS\System32\OLEAUT32.dll
0x00007ffe05b90000 - 0x00007ffe05bc2000 	C:\WINDOWS\SYSTEM32\dbgcore.DLL
0x00007ffe1a830000 - 0x00007ffe1a8ab000 	C:\WINDOWS\System32\bcryptPrimitives.dll
0x00007ffe09400000 - 0x00007ffe0940e000 	C:\Program Files\Java\jdk-19\bin\instrument.dll
0x00007ffde4bd0000 - 0x00007ffde4bf6000 	C:\Program Files\Java\jdk-19\bin\java.dll
0x00007ffdb3200000 - 0x00007ffdb32d7000 	C:\Program Files\Java\jdk-19\bin\jsvml.dll
0x00007ffe1b100000 - 0x00007ffe1b967000 	C:\WINDOWS\System32\SHELL32.dll
0x00007ffe184b0000 - 0x00007ffe18daf000 	C:\WINDOWS\SYSTEM32\windows.storage.dll
0x00007ffe18370000 - 0x00007ffe184af000 	C:\WINDOWS\SYSTEM32\wintypes.dll
0x00007ffe1bbf0000 - 0x00007ffe1bce9000 	C:\WINDOWS\System32\SHCORE.dll
0x00007ffe1bcf0000 - 0x00007ffe1bd4e000 	C:\WINDOWS\System32\shlwapi.dll
0x00007ffe1a460000 - 0x00007ffe1a487000 	C:\WINDOWS\SYSTEM32\profapi.dll
0x00007ffde2330000 - 0x00007ffde2343000 	C:\Program Files\Java\jdk-19\bin\net.dll
0x00007ffe138f0000 - 0x00007ffe13a26000 	C:\WINDOWS\SYSTEM32\WINHTTP.dll
0x00007ffe199f0000 - 0x00007ffe19a59000 	C:\WINDOWS\system32\mswsock.dll
0x00007ffde2020000 - 0x00007ffde2036000 	C:\Program Files\Java\jdk-19\bin\nio.dll
0x00007ffde0800000 - 0x00007ffde0818000 	C:\Program Files\Java\jdk-19\bin\zip.dll
0x00007ffddfe20000 - 0x00007ffddfe3a000 	C:\Program Files\JetBrains\IntelliJ IDEA 2022.2.3\bin\breakgen64.dll
0x0000024b93f40000 - 0x0000024b93f43000 	C:\Users\miche\.openjfx\cache\19-ea+7\amd64\api-ms-win-core-console-l1-1-0.dll
0x0000024b93f50000 - 0x0000024b93f53000 	C:\Users\miche\.openjfx\cache\19-ea+7\amd64\api-ms-win-core-console-l1-2-0.dll
0x0000024b93f60000 - 0x0000024b93f63000 	C:\Users\miche\.openjfx\cache\19-ea+7\amd64\api-ms-win-core-datetime-l1-1-0.dll
0x0000024b93f70000 - 0x0000024b93f73000 	C:\Users\miche\.openjfx\cache\19-ea+7\amd64\api-ms-win-core-debug-l1-1-0.dll
0x0000024b93f80000 - 0x0000024b93f83000 	C:\Users\miche\.openjfx\cache\19-ea+7\amd64\api-ms-win-core-errorhandling-l1-1-0.dll
0x0000024b93f90000 - 0x0000024b93f94000 	C:\Users\miche\.openjfx\cache\19-ea+7\amd64\api-ms-win-core-file-l1-1-0.dll
0x0000024b93fa0000 - 0x0000024b93fa3000 	C:\Users\miche\.openjfx\cache\19-ea+7\amd64\api-ms-win-core-file-l1-2-0.dll
0x0000024b93fb0000 - 0x0000024b93fb3000 	C:\Users\miche\.openjfx\cache\19-ea+7\amd64\api-ms-win-core-file-l2-1-0.dll
0x0000024b93fc0000 - 0x0000024b93fc3000 	C:\Users\miche\.openjfx\cache\19-ea+7\amd64\api-ms-win-core-handle-l1-1-0.dll
0x0000024b93fd0000 - 0x0000024b93fd3000 	C:\Users\miche\.openjfx\cache\19-ea+7\amd64\api-ms-win-core-heap-l1-1-0.dll
0x0000024b93fe0000 - 0x0000024b93fe3000 	C:\Users\miche\.openjfx\cache\19-ea+7\amd64\api-ms-win-core-interlocked-l1-1-0.dll
0x0000024b93ff0000 - 0x0000024b93ff3000 	C:\Users\miche\.openjfx\cache\19-ea+7\amd64\api-ms-win-core-libraryloader-l1-1-0.dll
0x0000024b98d00000 - 0x0000024b98d03000 	C:\Users\miche\.openjfx\cache\19-ea+7\amd64\api-ms-win-core-localization-l1-2-0.dll
0x0000024b98d10000 - 0x0000024b98d13000 	C:\Users\miche\.openjfx\cache\19-ea+7\amd64\api-ms-win-core-memory-l1-1-0.dll
0x0000024b98d20000 - 0x0000024b98d23000 	C:\Users\miche\.openjfx\cache\19-ea+7\amd64\api-ms-win-core-namedpipe-l1-1-0.dll
0x0000024b98d30000 - 0x0000024b98d33000 	C:\Users\miche\.openjfx\cache\19-ea+7\amd64\api-ms-win-core-processenvironment-l1-1-0.dll
0x0000024b98d40000 - 0x0000024b98d43000 	C:\Users\miche\.openjfx\cache\19-ea+7\amd64\api-ms-win-core-processthreads-l1-1-0.dll
0x0000024b98d50000 - 0x0000024b98d53000 	C:\Users\miche\.openjfx\cache\19-ea+7\amd64\api-ms-win-core-processthreads-l1-1-1.dll
0x0000024b98d60000 - 0x0000024b98d63000 	C:\Users\miche\.openjfx\cache\19-ea+7\amd64\api-ms-win-core-profile-l1-1-0.dll
0x0000024b98d70000 - 0x0000024b98d73000 	C:\Users\miche\.openjfx\cache\19-ea+7\amd64\api-ms-win-core-rtlsupport-l1-1-0.dll
0x0000024b98d80000 - 0x0000024b98d83000 	C:\Users\miche\.openjfx\cache\19-ea+7\amd64\api-ms-win-core-string-l1-1-0.dll
0x0000024b98d90000 - 0x0000024b98d93000 	C:\Users\miche\.openjfx\cache\19-ea+7\amd64\api-ms-win-core-synch-l1-1-0.dll
0x0000024b98da0000 - 0x0000024b98da3000 	C:\Users\miche\.openjfx\cache\19-ea+7\amd64\api-ms-win-core-synch-l1-2-0.dll
0x0000024b98db0000 - 0x0000024b98db3000 	C:\Users\miche\.openjfx\cache\19-ea+7\amd64\api-ms-win-core-sysinfo-l1-1-0.dll
0x0000024b98dc0000 - 0x0000024b98dc3000 	C:\Users\miche\.openjfx\cache\19-ea+7\amd64\api-ms-win-core-timezone-l1-1-0.dll
0x0000024b98dd0000 - 0x0000024b98dd3000 	C:\Users\miche\.openjfx\cache\19-ea+7\amd64\api-ms-win-core-util-l1-1-0.dll
0x0000024b98de0000 - 0x0000024b98de3000 	C:\Users\miche\.openjfx\cache\19-ea+7\amd64\api-ms-win-crt-conio-l1-1-0.dll
0x0000024b98df0000 - 0x0000024b98df4000 	C:\Users\miche\.openjfx\cache\19-ea+7\amd64\api-ms-win-crt-convert-l1-1-0.dll
0x0000024b98e00000 - 0x0000024b98e03000 	C:\Users\miche\.openjfx\cache\19-ea+7\amd64\api-ms-win-crt-environment-l1-1-0.dll
0x0000024b98e10000 - 0x0000024b98e13000 	C:\Users\miche\.openjfx\cache\19-ea+7\amd64\api-ms-win-crt-filesystem-l1-1-0.dll
0x0000024b98e20000 - 0x0000024b98e23000 	C:\Users\miche\.openjfx\cache\19-ea+7\amd64\api-ms-win-crt-heap-l1-1-0.dll
0x0000024b98e30000 - 0x0000024b98e33000 	C:\Users\miche\.openjfx\cache\19-ea+7\amd64\api-ms-win-crt-locale-l1-1-0.dll
0x0000024b98e40000 - 0x0000024b98e45000 	C:\Users\miche\.openjfx\cache\19-ea+7\amd64\api-ms-win-crt-math-l1-1-0.dll
0x0000024b98e50000 - 0x0000024b98e55000 	C:\Users\miche\.openjfx\cache\19-ea+7\amd64\api-ms-win-crt-multibyte-l1-1-0.dll
0x0000024b98e60000 - 0x0000024b98e70000 	C:\Users\miche\.openjfx\cache\19-ea+7\amd64\api-ms-win-crt-private-l1-1-0.dll
0x0000024b98e90000 - 0x0000024b98e93000 	C:\Users\miche\.openjfx\cache\19-ea+7\amd64\api-ms-win-crt-process-l1-1-0.dll
0x0000024b98e70000 - 0x0000024b98e74000 	C:\Users\miche\.openjfx\cache\19-ea+7\amd64\api-ms-win-crt-runtime-l1-1-0.dll
0x0000024b98e80000 - 0x0000024b98e84000 	C:\Users\miche\.openjfx\cache\19-ea+7\amd64\api-ms-win-crt-stdio-l1-1-0.dll
0x0000024b98ea0000 - 0x0000024b98ea4000 	C:\Users\miche\.openjfx\cache\19-ea+7\amd64\api-ms-win-crt-string-l1-1-0.dll
0x0000024b98eb0000 - 0x0000024b98eb3000 	C:\Users\miche\.openjfx\cache\19-ea+7\amd64\api-ms-win-crt-time-l1-1-0.dll
0x0000024b98ec0000 - 0x0000024b98ec3000 	C:\Users\miche\.openjfx\cache\19-ea+7\amd64\api-ms-win-crt-utility-l1-1-0.dll
0x00007ffdc80b0000 - 0x00007ffdc81ac000 	C:\Users\miche\.openjfx\cache\19-ea+7\amd64\ucrtbase.dll
0x00007ffddf7c0000 - 0x00007ffddf7db000 	C:\Users\miche\.openjfx\cache\19-ea+7\amd64\vcruntime140.dll
0x00007ffe07c50000 - 0x00007ffe07c5c000 	C:\Users\miche\.openjfx\cache\19-ea+7\amd64\vcruntime140_1.dll
0x00007ffdd4c90000 - 0x00007ffdd4d1e000 	C:\Users\miche\.openjfx\cache\19-ea+7\amd64\msvcp140.dll
0x00007ffdda840000 - 0x00007ffdda86c000 	C:\Users\miche\.openjfx\cache\19-ea+7\amd64\prism_d3d.dll
0x00007ffdc9a50000 - 0x00007ffdc9bf8000 	C:\WINDOWS\system32\d3d9.dll
0x00007ffe17ef0000 - 0x00007ffe17f1b000 	C:\WINDOWS\SYSTEM32\dwmapi.dll
0x00007ffe17bb0000 - 0x00007ffe17be7000 	C:\WINDOWS\SYSTEM32\dxcore.dll
0x00007ffe17ac0000 - 0x00007ffe17b71000 	C:\WINDOWS\system32\uxtheme.dll
0x00007ffe10fd0000 - 0x00007ffe1118b000 	C:\WINDOWS\System32\DriverStore\FileRepository\u0402605.inf_amd64_436c7d82eab5c303\B399655\aticfx64.dll
0x00007ffdd9530000 - 0x00007ffdd9564000 	C:\WINDOWS\System32\DriverStore\FileRepository\u0402605.inf_amd64_436c7d82eab5c303\B399655\atiu9p64.dll
0x00007ffd78400000 - 0x00007ffd79147000 	C:\WINDOWS\System32\DriverStore\FileRepository\u0402605.inf_amd64_436c7d82eab5c303\B399655\atiumd64.dll
0x00007ffe1cda0000 - 0x00007ffe1cf45000 	C:\WINDOWS\System32\ole32.dll
0x000000005cad0000 - 0x000000005d9e3000 	C:\WINDOWS\System32\DriverStore\FileRepository\u0402605.inf_amd64_436c7d82eab5c303\B399655\atiumd6a.dll
0x00007ffe1bf80000 - 0x00007ffe1c3f4000 	C:\WINDOWS\System32\SETUPAPI.dll
0x00007ffe1a400000 - 0x00007ffe1a44d000 	C:\WINDOWS\SYSTEM32\POWRPROF.dll
0x00007ffe1a3e0000 - 0x00007ffe1a3f3000 	C:\WINDOWS\SYSTEM32\UMPDC.dll
0x00007ffe0ed90000 - 0x00007ffe0edc5000 	C:\WINDOWS\SYSTEM32\amdihk64.dll
0x00007ffe15770000 - 0x00007ffe157b9000 	C:\WINDOWS\SYSTEM32\directxdatabasehelper.dll
0x00007ffdd8950000 - 0x00007ffdd8992000 	C:\Users\miche\.openjfx\cache\19-ea+7\amd64\glass.dll
0x00007ffe1c700000 - 0x00007ffe1c7ff000 	C:\WINDOWS\System32\COMDLG32.dll
0x00007ffe1b970000 - 0x00007ffe1bace000 	C:\WINDOWS\System32\MSCTF.dll
0x00007ffddd6f0000 - 0x00007ffddd704000 	C:\Users\miche\.openjfx\cache\19-ea+7\amd64\javafx_font.dll
0x00007ffe162d0000 - 0x00007ffe16543000 	C:\WINDOWS\SYSTEM32\dwrite.dll
0x00007ffe1bd60000 - 0x00007ffe1be10000 	C:\WINDOWS\System32\clbcatq.dll
0x00007ffe17900000 - 0x00007ffe17ab1000 	C:\WINDOWS\SYSTEM32\WindowsCodecs.dll
0x00007ffe072e0000 - 0x00007ffe0733e000 	C:\WINDOWS\system32\dataexchange.dll
0x00007ffe12bb0000 - 0x00007ffe12e3a000 	C:\WINDOWS\system32\twinapi.appcore.dll
0x00007ffdd72f0000 - 0x00007ffdd7322000 	C:\Program Files\Common Files\Microsoft Shared\Ink\rtscom.dll
0x00007ffe0a8d0000 - 0x00007ffe0aa13000 	C:\WINDOWS\SYSTEM32\textinputframework.dll
0x00007ffe17440000 - 0x00007ffe17573000 	C:\WINDOWS\SYSTEM32\CoreMessaging.dll
0x00007ffe14f00000 - 0x00007ffe1526d000 	C:\WINDOWS\SYSTEM32\CoreUIComponents.dll
0x00007ffe19c40000 - 0x00007ffe19c4c000 	C:\WINDOWS\SYSTEM32\CRYPTBASE.DLL

dbghelp: loaded successfully - version: 4.0.5 - missing functions: none
symbol engine: initialized successfully - sym options: 0x614 - pdb path: .;C:\Program Files\Java\jdk-19\bin;C:\WINDOWS\SYSTEM32;C:\WINDOWS\WinSxS\amd64_microsoft.windows.common-controls_6595b64144ccf1df_6.0.22621.3672_none_2713b9d173822955;C:\Program Files\Java\jdk-19\bin\server;C:\Program Files\JetBrains\IntelliJ IDEA 2022.2.3\bin;C:\Users\miche\.openjfx\cache\19-ea+7\amd64;C:\WINDOWS\System32\DriverStore\FileRepository\u0402605.inf_amd64_436c7d82eab5c303\B399655;C:\Program Files\Common Files\Microsoft Shared\Ink

VM Arguments:
jvm_args: -javaagent:C:\Program Files\JetBrains\IntelliJ IDEA 2022.2.3\lib\idea_rt.jar=61535:C:\Program Files\JetBrains\IntelliJ IDEA 2022.2.3\bin -Dfile.encoding=UTF-8 -Dsun.stdout.encoding=UTF-8 -Dsun.stderr.encoding=UTF-8 --module-path=C:\Users\miche\.m2\repository\org\openjfx\javafx-graphics\19-ea+7\javafx-graphics-19-ea+7-win.jar;C:\Users\miche\.m2\repository\org\openjfx\javafx-base\19-ea+7\javafx-base-19-ea+7-win.jar;C:\Users\miche\OneDrive - South East Technological University (Waterford Campus)\Year 2, Semester 2\Data Structures and Algorithms 2\Assignment1PaulF\Assignment1\DataAlg2Assignment1\target\classes;C:\Users\miche\.m2\repository\org\openjfx\javafx-fxml\19-ea+7\javafx-fxml-19-ea+7-win.jar;C:\Users\miche\.m2\repository\org\openjfx\javafx-controls\19-ea+7\javafx-controls-19-ea+7-win.jar -Djdk.module.main=com.example.dataalg2assignment1 
java_command: com.example.dataalg2assignment1/com.example.dataalg2assignment1.Driver
java_class_path (initial): C:\Users\miche\.m2\repository\org\openjfx\javafx-controls\19-ea+7\javafx-controls-19-ea+7.jar;C:\Users\miche\.m2\repository\org\openjfx\javafx-graphics\19-ea+7\javafx-graphics-19-ea+7.jar;C:\Users\miche\.m2\repository\org\openjfx\javafx-base\19-ea+7\javafx-base-19-ea+7.jar;C:\Users\miche\.m2\repository\org\openjfx\javafx-fxml\19-ea+7\javafx-fxml-19-ea+7.jar
Launcher Type: SUN_STANDARD

[Global flags]
     intx CICompilerCount                          = 4                                         {product} {ergonomic}
     uint ConcGCThreads                            = 2                                         {product} {ergonomic}
     uint G1ConcRefinementThreads                  = 8                                         {product} {ergonomic}
   size_t G1HeapRegionSize                         = 1048576                                   {product} {ergonomic}
    uintx GCDrainStackTargetSize                   = 64                                        {product} {ergonomic}
   size_t InitialHeapSize                          = 100663296                                 {product} {ergonomic}
   size_t MarkStackSize                            = 4194304                                   {product} {ergonomic}
   size_t MaxHeapSize                              = 1581252608                                {product} {ergonomic}
   size_t MaxNewSize                               = 947912704                                 {product} {ergonomic}
   size_t MinHeapDeltaBytes                        = 1048576                                   {product} {ergonomic}
   size_t MinHeapSize                              = 8388608                                   {product} {ergonomic}
    uintx NonNMethodCodeHeapSize                   = 5839372                                {pd product} {ergonomic}
    uintx NonProfiledCodeHeapSize                  = 122909434                              {pd product} {ergonomic}
    uintx ProfiledCodeHeapSize                     = 122909434                              {pd product} {ergonomic}
    uintx ReservedCodeCacheSize                    = 251658240                              {pd product} {ergonomic}
     bool SegmentedCodeCache                       = true                                      {product} {ergonomic}
   size_t SoftMaxHeapSize                          = 1581252608                             {manageable} {ergonomic}
     bool UseCompressedClassPointers               = true                           {product lp64_product} {ergonomic}
     bool UseCompressedOops                        = true                           {product lp64_product} {ergonomic}
     bool UseG1GC                                  = true                                      {product} {ergonomic}
     bool UseLargePagesIndividualAllocation        = false                                  {pd product} {ergonomic}

Logging:
Log output configuration:
 #0: stdout all=warning uptime,level,tags foldmultilines=false
 #1: stderr all=off uptime,level,tags foldmultilines=false

Environment Variables:
PATH=C:\Program Files (x86)\VMware\VMware Player\bin\;C:\Program Files\Common Files\Oracle\Java\javapath;C:\WINDOWS\system32;C:\WINDOWS;C:\WINDOWS\System32\Wbem;C:\WINDOWS\System32\WindowsPowerShell\v1.0\;C:\WINDOWS\System32\OpenSSH\;C:\Program Files\dotnet\;C:\Program Files\Git\cmd;C:\Program Files\PuTTY\;C:\Program Files (x86)\Gpg4win\..\GnuPG\bin;C:\Program Files (x86)\Windows Kits\10\Windows Performance Toolkit\;C:\Program Files\nodejs\;C:\MongoshFiles\mongosh-2.3.1-win32-x64\bin;C:\Program Files\MongoDB\Server\8.0\bin;C:\Program Files\MySQL\MySQL Shell 8.0\bin\;C:\Users\miche\AppData\Local\Microsoft\WindowsApps;C:\Program Files (x86)\Brackets\;C:\Users\miche\AppData\Local\GitHubDesktop\bin;C:\Users\miche\AppData\Roaming\npm;C:\Users\miche\AppData\Local\Programs\Microsoft VS Code\bin
USERNAME=miche
OS=Windows_NT
PROCESSOR_IDENTIFIER=AMD64 Family 23 Model 24 Stepping 1, AuthenticAMD
TMP=C:\Users\miche\AppData\Local\Temp
TEMP=C:\Users\miche\AppData\Local\Temp



---------------  S Y S T E M  ---------------

OS:
 Windows 11 , 64 bit Build 22621 (10.0.22621.3958)
OS uptime: 3 days 11:38 hours

CPU: total 8 (initial active 8) (8 cores per cpu, 2 threads per core) family 23 model 24 stepping 1 microcode 0x0, cx8, cmov, fxsr, ht, mmx, 3dnowpref, sse, sse2, sse3, ssse3, sse4a, sse4.1, sse4.2, popcnt, lzcnt, tsc, tscinvbit, avx, avx2, aes, clmul, bmi1, bmi2, adx, sha, fma, vzeroupper, clflush, clflushopt, rdtscp

Memory: 4k page, system-wide physical 6030M (414M free)
TotalPageFile size 12060M (AvailPageFile size 0M)
current process WorkingSet (physical memory assigned to process): 117M, peak: 117M
current process commit charge ("private bytes"): 234M, peak: 234M

vm_info: Java HotSpot(TM) 64-Bit Server VM (19.0.1+10-21) for windows-amd64 JRE (19.0.1+10-21), built on 2022-09-14T12:45:06Z by "mach5one" with MS VC++ 17.1 (VS2022)

END.
